Arguments: 
  C:\Program Files\nodejs\node.exe C:\Users\Chayapol Moemeng\AppData\Local\pnpm\global\5\node_modules\yarn\bin\yarn.js

PATH: 
  C:\Program Files\Git\mingw64\bin;C:\Program Files\Git\usr\bin;C:\Users\Chayapol Moemeng\bin;C:\dev\Python39\Scripts;C:\dev\Python39;C:\Python39\Scripts;C:\Python39;C:\Program Files\Common Files\Oracle\Java\javapath;C:\Program Files (x86)\Microsoft SDKs\Azure\CLI2\wbin;C:\tools\ruby30\bin;C:\Program Files\NVIDIA GPU Computing Toolkit\CUDA\v11.3\bin;C:\Program Files\NVIDIA GPU Computing Toolkit\CUDA\v11.3\libnvvp;C:\Program Files (x86)\Common Files\Intel\Shared Libraries\redist\intel64\compiler;C:\WINDOWS\system32;C:\WINDOWS;C:\WINDOWS\System32\Wbem;C:\WINDOWS\System32\WindowsPowerShell\v1.0;C:\WINDOWS\System32\OpenSSH;C:\Program Files\NVIDIA Corporation\NVIDIA NvDLISR;C:\ProgramData\chocolatey\bin;C:\Program Files\Microsoft VS Code\bin;C:\Program Files (x86)\NVIDIA Corporation\PhysX\Common;C:\Program Files\CMake\bin;C:\Program Files (x86)\Google\Cloud SDK\google-cloud-sdk\bin;C:\Program Files\Intel\WiFi\bin;C:\Program Files\Common Files\Intel\WirelessCommon;C:\ProgramData\nvm;C:\Program Files\nodejs;C:\Program Files\OpenJDK\jdk-15\bin;C:\Program Files\Git\cmd;C:\tools\php80;C:\ProgramData\ComposerSetup\bin;C:\Program Files (x86)\MySQL\MySQL Utilities 1.3.6;C:\Program Files\Go\bin;C:\Program Files\dotnet;C:\Program Files\Microsoft SQL Server\130\Tools\Binn;C:\Program Files\Microsoft SQL Server\Client SDK\ODBC\170\Tools\Binn;C:\Program Files\Amazon\AWSCLIV2;C:\Program Files (x86)\dotnet;C:\Program Files\NVIDIA Corporation\Nsight Compute 2021.1.1;C:\Program Files (x86)\Microsoft SQL Server\150\DTS\Binn;C:\Program Files\Azure Data Studio\bin;C:\WINDOWS\system32;C:\WINDOWS;C:\WINDOWS\System32\Wbem;C:\WINDOWS\System32\WindowsPowerShell\v1.0;C:\WINDOWS\System32\OpenSSH;C:\Program Files\TortoiseSVN\bin;C:\Program Files (x86)\Microsoft SQL Server\150\Tools\Binn;C:\Program Files\Microsoft SQL Server\150\Tools\Binn;C:\Program Files\Microsoft SQL Server\150\DTS\Binn;C:\Program Files\GTK3-Runtime Win64\bin;C:\Program Files\Docker\Docker\resources\bin;C:\ProgramData\DockerDesktop\version-bin;C:\Program Files\GitHub CLI;C:\Users\Chayapol Moemeng\AppData\Local\pnpm;C:\Users\Chayapol Moemeng\.cargo\bin;D:\dev\cmder\vendor\bin;D:\dev\cmder\vendor\conemu-maximus5\ConEmu\Scripts;D:\dev\cmder\vendor\conemu-maximus5;D:\dev\cmder\vendor\conemu-maximus5\ConEmu;C:\dev\php;D:\dev\bin;C:\Users\Chayapol Moemeng\AppData\Roaming\Composer\vendor\bin;C:\Users\Chayapol Moemeng\go\bin;C:\Users\Chayapol Moemeng\.carg;C:\Users\Chayapol Moemeng\AppData\Local\Microsoft\WindowsApps

Yarn version: 
  1.22.19

Node version: 
  18.13.0

Platform: 
  win32 x64

Trace: 
  Error: ENOENT: no such file or directory, copyfile 'C:\Users\Chayapol\AppData\Local\Yarn\Cache\v6\npm-ignore-5.2.4-a291c0c6178ff1b960befe47fcdec301674a6324-integrity\node_modules\ignore\index.d.ts' -> 'D:\codes\vms\sample-blog-gatsby\node_modules\@typescript-eslint\eslint-plugin\node_modules\ignore\index.d.ts'

npm manifest: 
  {
    "name": "sample-blog-gatsby",
    "version": "1.0.0",
    "private": true,
    "description": "sample-blog-gatsby",
    "author": "Chayapol Moemeng",
    "keywords": [
      "gatsby"
    ],
    "scripts": {
      "develop": "gatsby develop",
      "start": "gatsby develop",
      "build": "gatsby build",
      "serve": "gatsby serve",
      "clean": "gatsby clean"
    },
    "dependencies": {
      "gatsby": "^5.4.0",
      "react": "^18.2.0",
      "react-dom": "^18.2.0"
    }
  }

yarn manifest: 
  No manifest

Lockfile: 
  No lockfile
